Determining if the pthread_create exist failed with the following output:
Change Dir: /home/flk/桌面/代码/use_kitti/project_danmu/cmake-build-debug/CMakeFiles/CMakeTmp

Run Build Command(s):/usr/bin/make cmTC_4492e/fast 
/usr/bin/make -f CMakeFiles/cmTC_4492e.dir/build.make CMakeFiles/cmTC_4492e.dir/build
make[1]: Entering directory '/home/flk/桌面/代码/use_kitti/project_danmu/cmake-build-debug/CMakeFiles/CMakeTmp'
Building C object CMakeFiles/cmTC_4492e.dir/CheckSymbolExists.c.o
/usr/bin/cc    -o CMakeFiles/cmTC_4492e.dir/CheckSymbolExists.c.o   -c /home/flk/桌面/代码/use_kitti/project_danmu/cmake-build-debug/CMakeFiles/CMakeTmp/CheckSymbolExists.c
Linking C executable cmTC_4492e
/home/flk/yuanma/clion-2019.1.3/bin/cmake/linux/bin/cmake -E cmake_link_script CMakeFiles/cmTC_4492e.dir/link.txt --verbose=1
/usr/bin/cc      -rdynamic CMakeFiles/cmTC_4492e.dir/CheckSymbolExists.c.o  -o cmTC_4492e 
CMakeFiles/cmTC_4492e.dir/CheckSymbolExists.c.o：在函数‘main’中：
CheckSymbolExists.c:(.text+0x16)：对‘pthread_create’未定义的引用
collect2: error: ld returned 1 exit status
CMakeFiles/cmTC_4492e.dir/build.make:86: recipe for target 'cmTC_4492e' failed
make[1]: *** [cmTC_4492e] Error 1
make[1]: Leaving directory '/home/flk/桌面/代码/use_kitti/project_danmu/cmake-build-debug/CMakeFiles/CMakeTmp'
Makefile:121: recipe for target 'cmTC_4492e/fast' failed
make: *** [cmTC_4492e/fast] Error 2

File /home/flk/桌面/代码/use_kitti/project_danmu/cmake-build-debug/CMakeFiles/CMakeTmp/CheckSymbolExists.c:
/* */
#include <pthread.h>

int main(int argc, char** argv)
{
  (void)argv;
#ifndef pthread_create
  return ((int*)(&pthread_create))[argc];
#else
  (void)argc;
  return 0;
#endif
}

Determining if the function pthread_create exists in the pthreads failed with the following output:
Change Dir: /home/flk/桌面/代码/use_kitti/project_danmu/cmake-build-debug/CMakeFiles/CMakeTmp

Run Build Command(s):/usr/bin/make cmTC_a35d6/fast 
/usr/bin/make -f CMakeFiles/cmTC_a35d6.dir/build.make CMakeFiles/cmTC_a35d6.dir/build
make[1]: Entering directory '/home/flk/桌面/代码/use_kitti/project_danmu/cmake-build-debug/CMakeFiles/CMakeTmp'
Building C object CMakeFiles/cmTC_a35d6.dir/CheckFunctionExists.c.o
/usr/bin/cc   -DCHECK_FUNCTION_EXISTS=pthread_create   -o CMakeFiles/cmTC_a35d6.dir/CheckFunctionExists.c.o   -c /home/flk/yuanma/clion-2019.1.3/bin/cmake/linux/share/cmake-3.14/Modules/CheckFunctionExists.c
Linking C executable cmTC_a35d6
/home/flk/yuanma/clion-2019.1.3/bin/cmake/linux/bin/cmake -E cmake_link_script CMakeFiles/cmTC_a35d6.dir/link.txt --verbose=1
/usr/bin/cc  -DCHECK_FUNCTION_EXISTS=pthread_create    -rdynamic CMakeFiles/cmTC_a35d6.dir/CheckFunctionExists.c.o  -o cmTC_a35d6 -lpthreads 
/usr/bin/ld: 找不到 -lpthreads
collect2: error: ld returned 1 exit status
CMakeFiles/cmTC_a35d6.dir/build.make:86: recipe for target 'cmTC_a35d6' failed
make[1]: *** [cmTC_a35d6] Error 1
make[1]: Leaving directory '/home/flk/桌面/代码/use_kitti/project_danmu/cmake-build-debug/CMakeFiles/CMakeTmp'
Makefile:121: recipe for target 'cmTC_a35d6/fast' failed
make: *** [cmTC_a35d6/fast] Error 2


